<?xml version="1.0" encoding="UTF-8"?>
<!-- Generated by org.testng.reporters.JUnitXMLReporter -->
<testsuite hostname="Ranjiths-MacBook-Pro.local" ignored="0" name="TeslaStock" tests="3" failures="1" timestamp="2021-03-10T13:38:45 EST" time="16.336" errors="0">
  <testcase name="launchURl" time="5.8" classname="stockmarket.StockPrice"/>
  <testcase name="searchForTicker" time="7.425" classname="stockmarket.StockPrice"/>
  <testcase name="validateTickerPrice" time="2.585" classname="stockmarket.StockPrice">
    <failure type="java.lang.AssertionError" message="expected [true] but found [false]">
      <![CDATA[java.lang.AssertionError: expected [true] but found [false]
at stockmarket.StockPrice.validateTickerPrice(StockPrice.java:63)
at java.util.ArrayList.forEach(ArrayList.java:1257)
... Removed 33 stack frames]]>
    </failure>
  </testcase> <!-- validateTickerPrice -->
</testsuite> <!-- TeslaStock -->
